2015-06-27 19:16:42,371 - INFO: request client :GET /fortune HTTP/1.1
Host: 127.0.0.1:8003
User-Agent: Mozilla/5.0 (X11; Ubuntu; Linux x86_64; rv:27.0) Gecko/20100101 Firefox/27.0
Accept: text/html,application/xhtml+xml,application/xml;q=0.9,*/*;q=0.8
Accept-Language: en-US,en;q=0.5
Accept-Encoding: gzip, deflate
Connection: keep-alive
Cache-Control: max-age=0


2015-06-27 19:16:42,378 - INFO: response server :HTTP/1.1 200 OK
Content-Length: 131
Content-Type: text/html; charset=utf-8
Server: TornadoServer/4.2

{"host_conf": {"ip": "localhost", "port": "5000"}, "result": "Impossible is a word only to be found in the dictionary of fools.\n"}
2015-06-27 19:16:44,840 - INFO: request client :GET /fortune HTTP/1.1
Host: 127.0.0.1:8003
User-Agent: Mozilla/5.0 (X11; Ubuntu; Linux x86_64; rv:27.0) Gecko/20100101 Firefox/27.0
Accept: text/html,application/xhtml+xml,application/xml;q=0.9,*/*;q=0.8
Accept-Language: en-US,en;q=0.5
Accept-Encoding: gzip, deflate
Connection: keep-alive


2015-06-27 19:16:44,846 - INFO: response server :HTTP/1.1 200 OK
Content-Length: 131
Content-Type: text/html; charset=utf-8
Server: TornadoServer/4.2

{"host_conf": {"ip": "localhost", "port": "5000"}, "result": "Impossible is a word only to be found in the dictionary of fools.\n"}
2015-06-27 19:16:46,447 - INFO: request client :GET /fortune HTTP/1.1
Host: 127.0.0.1:8003
User-Agent: Mozilla/5.0 (X11; Ubuntu; Linux x86_64; rv:27.0) Gecko/20100101 Firefox/27.0
Accept: text/html,application/xhtml+xml,application/xml;q=0.9,*/*;q=0.8
Accept-Language: en-US,en;q=0.5
Accept-Encoding: gzip, deflate
Connection: keep-alive


2015-06-27 19:16:46,448 - INFO: response server :HTTP/1.1 200 OK
Content-Length: 98
Content-Type: text/html; charset=utf-8
Server: TornadoServer/4.2

{"host_conf": {"ip": "localhost", "port": "5000"}, "result": "Serious trouble will bypass you.\n"}
2015-06-27 19:16:47,195 - INFO: request client :GET /fortune HTTP/1.1
Host: 127.0.0.1:8003
User-Agent: Mozilla/5.0 (X11; Ubuntu; Linux x86_64; rv:27.0) Gecko/20100101 Firefox/27.0
Accept: text/html,application/xhtml+xml,application/xml;q=0.9,*/*;q=0.8
Accept-Language: en-US,en;q=0.5
Accept-Encoding: gzip, deflate
Connection: keep-alive


2015-06-27 19:16:47,200 - INFO: response server :HTTP/1.1 200 OK
Content-Length: 123
Content-Type: text/html; charset=utf-8
Server: TornadoServer/4.2

{"host_conf": {"ip": "localhost", "port": "5000"}, "result": "If you have something good in your life, don't let it go!\n"}
2015-06-27 19:16:47,742 - INFO: request client :GET /fortune HTTP/1.1
Host: 127.0.0.1:8003
User-Agent: Mozilla/5.0 (X11; Ubuntu; Linux x86_64; rv:27.0) Gecko/20100101 Firefox/27.0
Accept: text/html,application/xhtml+xml,application/xml;q=0.9,*/*;q=0.8
Accept-Language: en-US,en;q=0.5
Accept-Encoding: gzip, deflate
Connection: keep-alive


2015-06-27 19:16:47,743 - INFO: response server :HTTP/1.1 200 OK
Content-Length: 110
Content-Type: text/html; charset=utf-8
Server: TornadoServer/4.2

{"host_conf": {"ip": "localhost", "port": "5000"}, "result": "Land is always on the mind of a flying bird.\n"}
2015-06-27 19:16:48,342 - INFO: request client :GET /fortune HTTP/1.1
Host: 127.0.0.1:8003
User-Agent: Mozilla/5.0 (X11; Ubuntu; Linux x86_64; rv:27.0) Gecko/20100101 Firefox/27.0
Accept: text/html,application/xhtml+xml,application/xml;q=0.9,*/*;q=0.8
Accept-Language: en-US,en;q=0.5
Accept-Encoding: gzip, deflate
Connection: keep-alive


2015-06-27 19:16:48,344 - INFO: response server :HTTP/1.1 200 OK
Content-Length: 98
Content-Type: text/html; charset=utf-8
Server: TornadoServer/4.2

{"host_conf": {"ip": "localhost", "port": "5000"}, "result": "Serious trouble will bypass you.\n"}
2015-06-27 19:16:49,076 - INFO: request client :GET /fortune HTTP/1.1
Host: 127.0.0.1:8003
User-Agent: Mozilla/5.0 (X11; Ubuntu; Linux x86_64; rv:27.0) Gecko/20100101 Firefox/27.0
Accept: text/html,application/xhtml+xml,application/xml;q=0.9,*/*;q=0.8
Accept-Language: en-US,en;q=0.5
Accept-Encoding: gzip, deflate
Connection: keep-alive


2015-06-27 19:16:49,078 - INFO: response server :HTTP/1.1 200 OK
Content-Length: 96
Content-Type: text/html; charset=utf-8
Server: TornadoServer/4.2

{"host_conf": {"ip": "localhost", "port": "5000"}, "result": "It never pays to kick a skunk.\n"}
2015-06-27 19:16:49,897 - INFO: request client :GET /fortune HTTP/1.1
Host: 127.0.0.1:8003
User-Agent: Mozilla/5.0 (X11; Ubuntu; Linux x86_64; rv:27.0) Gecko/20100101 Firefox/27.0
Accept: text/html,application/xhtml+xml,application/xml;q=0.9,*/*;q=0.8
Accept-Language: en-US,en;q=0.5
Accept-Encoding: gzip, deflate
Connection: keep-alive


2015-06-27 19:16:49,901 - INFO: response server :HTTP/1.1 200 OK
Content-Length: 117
Content-Type: text/html; charset=utf-8
Server: TornadoServer/4.2

{"host_conf": {"ip": "localhost", "port": "5000"}, "result": "A stranger, is a friend you have not spoken to yet.\n"}
2015-06-27 19:16:51,329 - INFO: request client :GET /fortune HTTP/1.1
Host: 127.0.0.1:8003
User-Agent: Mozilla/5.0 (X11; Ubuntu; Linux x86_64; rv:27.0) Gecko/20100101 Firefox/27.0
Accept: text/html,application/xhtml+xml,application/xml;q=0.9,*/*;q=0.8
Accept-Language: en-US,en;q=0.5
Accept-Encoding: gzip, deflate
Connection: keep-alive


2015-06-27 19:16:51,331 - INFO: response server :HTTP/1.1 200 OK
Content-Length: 120
Content-Type: text/html; charset=utf-8
Server: TornadoServer/4.2

{"host_conf": {"ip": "localhost", "port": "5000"}, "result": "Meeting adversity well is the source of your strength.\n"}
2015-06-27 19:16:53,232 - INFO: request client :GET /fortune HTTP/1.1
Host: 127.0.0.1:8003
User-Agent: Mozilla/5.0 (X11; Ubuntu; Linux x86_64; rv:27.0) Gecko/20100101 Firefox/27.0
Accept: text/html,application/xhtml+xml,application/xml;q=0.9,*/*;q=0.8
Accept-Language: en-US,en;q=0.5
Accept-Encoding: gzip, deflate
Connection: keep-alive


2015-06-27 19:16:53,237 - INFO: response server :HTTP/1.1 200 OK
Content-Length: 122
Content-Type: text/html; charset=utf-8
Server: TornadoServer/4.2

{"host_conf": {"ip": "localhost", "port": "5000"}, "result": "You are a lover of words; One day you will write a book.\n"}
