2015-06-27 18:22:36,950 - INFO: request client :GET /fortune HTTP/1.1
Host: 127.0.0.1:8003
User-Agent: Mozilla/5.0 (X11; Ubuntu; Linux x86_64; rv:27.0) Gecko/20100101 Firefox/27.0
Accept: text/html,application/xhtml+xml,application/xml;q=0.9,*/*;q=0.8
Accept-Language: en-US,en;q=0.5
Accept-Encoding: gzip, deflate
Connection: keep-alive


2015-06-27 18:22:36,952 - INFO: response server :HTTP/1.1 200 OK
Content-Length: 84
Content-Type: text/html; charset=utf-8
Server: TornadoServer/4.2

"Things may come to those who wait, but only the things left by those who hustle.\n"
2015-06-27 18:22:37,273 - INFO: No more available server, adding one server
2015-06-27 18:22:37,273 - INFO: Adding new server host :localhost port: 5001
2015-06-27 18:22:37,273 - INFO: request client :GET /favicon.ico HTTP/1.1
Host: 127.0.0.1:8003
User-Agent: Mozilla/5.0 (X11; Ubuntu; Linux x86_64; rv:27.0) Gecko/20100101 Firefox/27.0
Accept: image/png,image/*;q=0.8,*/*;q=0.5
Accept-Language: en-US,en;q=0.5
Accept-Encoding: gzip, deflate
Connection: keep-alive


2015-06-27 18:22:37,275 - INFO: response server :HTTP/1.1 404 NOT FOUND
Content-Length: 233
Content-Type: text/html
Server: TornadoServer/4.2

<!DOCTYPE HTML PUBLIC "-//W3C//DTD HTML 3.2 Final//EN">
<title>404 Not Found</title>
<h1>Not Found</h1>
<p>The requested URL was not found on the server.  If you entered the URL manually please check your spelling and try again.</p>

2015-06-27 18:22:37,528 - INFO: No more available server, adding one server
2015-06-27 18:22:37,529 - WARNING: Add server failed, no more servers to add
