2015-06-27 16:40:16,278 - INFO: request client :GET /fortune HTTP/1.1
Host: 127.0.0.1:8001
User-Agent: Mozilla/5.0 (X11; Ubuntu; Linux x86_64; rv:27.0) Gecko/20100101 Firefox/27.0
Accept: text/html,application/xhtml+xml,application/xml;q=0.9,*/*;q=0.8
Accept-Language: en-US,en;q=0.5
Accept-Encoding: gzip, deflate
Connection: keep-alive
Cache-Control: max-age=0


2015-06-27 16:40:16,281 - INFO: response server :HTTP/1.1 200 OK
Content-Length: 67
Content-Type: text/html; charset=utf-8
Server: TornadoServer/4.2

"The love of your life is stepping into your planet this summer.\n"
2015-06-27 16:40:18,444 - INFO: No more available server, adding one server
2015-06-27 16:40:18,444 - INFO: Adding new server host :localhost port: 5001
2015-06-27 16:40:18,444 - INFO: request client :GET /fortune HTTP/1.1
Host: 127.0.0.1:8001
User-Agent: Mozilla/5.0 (X11; Ubuntu; Linux x86_64; rv:27.0) Gecko/20100101 Firefox/27.0
Accept: text/html,application/xhtml+xml,application/xml;q=0.9,*/*;q=0.8
Accept-Language: en-US,en;q=0.5
Accept-Encoding: gzip, deflate
Connection: keep-alive


2015-06-27 16:40:18,446 - INFO: response server :HTTP/1.1 200 OK
Content-Length: 48
Content-Type: text/html; charset=utf-8
Server: TornadoServer/4.2

"The time is alway right to do what is right.\n"
2015-06-27 16:40:19,868 - INFO: No more available server, adding one server
