2015-06-27 16:04:58,907 - INFO: request client :GET /fortune HTTP/1.1
Host: 127.0.0.1:8001
User-Agent: Mozilla/5.0 (X11; Ubuntu; Linux x86_64; rv:27.0) Gecko/20100101 Firefox/27.0
Accept: text/html,application/xhtml+xml,application/xml;q=0.9,*/*;q=0.8
Accept-Language: en-US,en;q=0.5
Accept-Encoding: gzip, deflate
Connection: keep-alive


2015-06-27 16:04:58,915 - INFO: response server :HTTP/1.1 200 OK
Content-Length: 78
Content-Type: text/html; charset=utf-8
Server: TornadoServer/4.2

"You're true love will show himself to you under the moonlight. (1 comment)\n"
2015-06-27 16:05:01,826 - INFO: No more available server, adding one server
2015-06-27 16:05:01,826 - INFO: Adding new server : host :localhost port: 5001
2015-06-27 16:05:01,826 - INFO: request client :GET /fortune HTTP/1.1
Host: 127.0.0.1:8001
User-Agent: Mozilla/5.0 (X11; Ubuntu; Linux x86_64; rv:27.0) Gecko/20100101 Firefox/27.0
Accept: text/html,application/xhtml+xml,application/xml;q=0.9,*/*;q=0.8
Accept-Language: en-US,en;q=0.5
Accept-Encoding: gzip, deflate
Connection: keep-alive


2015-06-27 16:05:01,830 - INFO: response server :HTTP/1.1 200 OK
Content-Length: 48
Content-Type: text/html; charset=utf-8
Server: TornadoServer/4.2

"Love can last a lifetime, if you want it to.\n"
2015-06-27 16:05:04,174 - INFO: request client :GET /fortune HTTP/1.1
Host: 127.0.0.1:8001
User-Agent: Mozilla/5.0 (X11; Ubuntu; Linux x86_64; rv:27.0) Gecko/20100101 Firefox/27.0
Accept: text/html,application/xhtml+xml,application/xml;q=0.9,*/*;q=0.8
Accept-Language: en-US,en;q=0.5
Accept-Encoding: gzip, deflate
Connection: keep-alive


2015-06-27 16:05:04,175 - INFO: response server :HTTP/1.1 200 OK
Content-Length: 53
Content-Type: text/html; charset=utf-8
Server: TornadoServer/4.2

"You will become great if you believe in yourself.\n"
