2015-06-27 16:40:43,192 - INFO: request client :GET /fortune HTTP/1.1
Host: 127.0.0.1:8001
User-Agent: Mozilla/5.0 (X11; Ubuntu; Linux x86_64; rv:27.0) Gecko/20100101 Firefox/27.0
Accept: text/html,application/xhtml+xml,application/xml;q=0.9,*/*;q=0.8
Accept-Language: en-US,en;q=0.5
Accept-Encoding: gzip, deflate
Connection: keep-alive
Cache-Control: max-age=0


2015-06-27 16:40:43,196 - INFO: response server :HTTP/1.1 200 OK
Content-Length: 34
Content-Type: text/html; charset=utf-8
Server: TornadoServer/4.2

"It never pays to kick a skunk.\n"
2015-06-27 16:40:45,307 - INFO: No more available server, adding one server
2015-06-27 16:40:45,307 - INFO: Adding new server host :localhost port: 5001
2015-06-27 16:40:45,307 - INFO: request client :GET /fortune HTTP/1.1
Host: 127.0.0.1:8001
User-Agent: Mozilla/5.0 (X11; Ubuntu; Linux x86_64; rv:27.0) Gecko/20100101 Firefox/27.0
Accept: text/html,application/xhtml+xml,application/xml;q=0.9,*/*;q=0.8
Accept-Language: en-US,en;q=0.5
Accept-Encoding: gzip, deflate
Connection: keep-alive


2015-06-27 16:40:45,309 - INFO: response server :HTTP/1.1 200 OK
Content-Length: 78
Content-Type: text/html; charset=utf-8
Server: TornadoServer/4.2

"The world may be your oyster, but that doesn't mean you'll get it's pearl.\n"
2015-06-27 16:40:47,069 - INFO: No more available server, adding one server
2015-06-27 16:40:47,069 - WARNING: Add server failed, no more servers to add
