2015-06-27 16:06:22,366 - INFO: request client :GET /fortune HTTP/1.1
Host: 127.0.0.1:8001
User-Agent: Mozilla/5.0 (X11; Ubuntu; Linux x86_64; rv:27.0) Gecko/20100101 Firefox/27.0
Accept: text/html,application/xhtml+xml,application/xml;q=0.9,*/*;q=0.8
Accept-Language: en-US,en;q=0.5
Accept-Encoding: gzip, deflate
Connection: keep-alive


2015-06-27 16:06:22,370 - INFO: response server :HTTP/1.1 200 OK
Content-Length: 40
Content-Type: text/html; charset=utf-8
Server: TornadoServer/4.2

"The greatest risk is not taking one.\n"
2015-06-27 16:06:24,057 - INFO: No more available server, adding one server
2015-06-27 16:06:24,057 - INFO: Adding new server : host :localhost port: 5001
2015-06-27 16:06:24,057 - INFO: request client :GET /fortune HTTP/1.1
Host: 127.0.0.1:8001
User-Agent: Mozilla/5.0 (X11; Ubuntu; Linux x86_64; rv:27.0) Gecko/20100101 Firefox/27.0
Accept: text/html,application/xhtml+xml,application/xml;q=0.9,*/*;q=0.8
Accept-Language: en-US,en;q=0.5
Accept-Encoding: gzip, deflate
Connection: keep-alive


2015-06-27 16:06:24,059 - INFO: response server :HTTP/1.1 200 OK
Content-Length: 51
Content-Type: text/html; charset=utf-8
Server: TornadoServer/4.2

"A very attractive person has a message for you.\n"
2015-06-27 16:06:26,512 - INFO: No more available server, adding one server
