2015-06-27 14:11:19,794 - INFO: request client :GET /fortune HTTP/1.1
Host: 127.0.0.1:8000
User-Agent: Mozilla/5.0 (X11; Ubuntu; Linux x86_64; rv:27.0) Gecko/20100101 Firefox/27.0
Accept: text/html,application/xhtml+xml,application/xml;q=0.9,*/*;q=0.8
Accept-Language: en-US,en;q=0.5
Accept-Encoding: gzip, deflate
Connection: keep-alive
Cache-Control: max-age=0


2015-06-27 14:11:19,798 - INFO: response server :HTTP/1.1 200 OK
Content-Length: 58
Content-Type: text/html; charset=utf-8
Server: TornadoServer/4.2

"Not all closed eye is sleeping nor open eye is seeing.\n"
2015-06-27 14:11:22,758 - INFO: request client :GET /fortune HTTP/1.1
Host: 127.0.0.1:8000
User-Agent: Mozilla/5.0 (X11; Ubuntu; Linux x86_64; rv:27.0) Gecko/20100101 Firefox/27.0
Accept: text/html,application/xhtml+xml,application/xml;q=0.9,*/*;q=0.8
Accept-Language: en-US,en;q=0.5
Accept-Encoding: gzip, deflate
Connection: keep-alive


2015-06-27 14:11:22,760 - INFO: response server :HTTP/1.1 200 OK
Content-Length: 38
Content-Type: text/html; charset=utf-8
Server: TornadoServer/4.2

"Adversity is the parent of virtue.\n"
