2015-06-27 19:11:45,914 - INFO: request client :GET /fortune HTTP/1.1
Host: 127.0.0.1:8003
User-Agent: Mozilla/5.0 (X11; Ubuntu; Linux x86_64; rv:27.0) Gecko/20100101 Firefox/27.0
Accept: text/html,application/xhtml+xml,application/xml;q=0.9,*/*;q=0.8
Accept-Language: en-US,en;q=0.5
Accept-Encoding: gzip, deflate
Connection: keep-alive
Cache-Control: max-age=0


2015-06-27 19:11:45,921 - INFO: response server :HTTP/1.1 200 OK
Content-Length: 145
Content-Type: text/html; charset=utf-8
Server: TornadoServer/4.2

{"host_conf": {"ip": "localhost", "port": "5000"}, "result": "It is not necessary to show others you have change; the change will be obvious.\n"}
2015-06-27 19:11:45,922 - WARNING: Received a response from an unhandled server host : localhost port: 5000
2015-06-27 19:11:48,569 - INFO: No more available server, adding one server
2015-06-27 19:11:48,570 - INFO: Adding new server host :localhost port: 5001
2015-06-27 19:11:48,570 - INFO: request client :GET /fortune HTTP/1.1
Host: 127.0.0.1:8003
User-Agent: Mozilla/5.0 (X11; Ubuntu; Linux x86_64; rv:27.0) Gecko/20100101 Firefox/27.0
Accept: text/html,application/xhtml+xml,application/xml;q=0.9,*/*;q=0.8
Accept-Language: en-US,en;q=0.5
Accept-Encoding: gzip, deflate
Connection: keep-alive


2015-06-27 19:11:48,574 - INFO: response server :HTTP/1.1 200 OK
Content-Length: 165
Content-Type: text/html; charset=utf-8
Server: TornadoServer/4.2

{"host_conf": {"ip": "localhost", "port": "5001"}, "result": "Never upset the driver of the car you're in; they're the master of your destiny until you get home.\n"}
2015-06-27 19:11:48,574 - WARNING: Received a response from an unhandled server host : localhost port: 5001
2015-06-27 19:11:50,406 - INFO: No more available server, adding one server
2015-06-27 19:11:50,407 - WARNING: Add server failed, no more servers to add
